0 info it worked if it ends with ok
1 verbose cli [ '/usr/local/bin/node', '/usr/local/bin/npm', 'run', 'watch' ]
2 info using npm@3.8.6
3 info using node@v6.1.0
4 verbose run-script [ 'prewatch', 'watch', 'postwatch' ]
5 info lifecycle react-starterify@2.4.1~prewatch: react-starterify@2.4.1
6 silly lifecycle react-starterify@2.4.1~prewatch: no script for prewatch, continuing
7 info lifecycle react-starterify@2.4.1~watch: react-starterify@2.4.1
8 verbose lifecycle react-starterify@2.4.1~watch: unsafe-perm in lifecycle true
9 verbose lifecycle react-starterify@2.4.1~watch: PATH: /usr/local/lib/node_modules/npm/bin/node-gyp-bin:/Users/graphic/super-custom-dice-wars/node_modules/.bin:/usr/local/bin:/usr/local/bin:/usr/bin:/bin:/usr/sbin:/sbin
10 verbose lifecycle react-starterify@2.4.1~watch: CWD: /Users/graphic/super-custom-dice-wars
11 silly lifecycle react-starterify@2.4.1~watch: Args: [ '-c', 'gulp watch' ]
12 silly lifecycle react-starterify@2.4.1~watch: Returned: code: 1  signal: null
13 info lifecycle react-starterify@2.4.1~watch: Failed to exec watch script
14 verbose stack Error: react-starterify@2.4.1 watch: `gulp watch`
14 verbose stack Exit status 1
14 verbose stack     at EventEmitter.<anonymous> (/usr/local/lib/node_modules/npm/lib/utils/lifecycle.js:239:16)
14 verbose stack     at emitTwo (events.js:106:13)
14 verbose stack     at EventEmitter.emit (events.js:191:7)
14 verbose stack     at ChildProcess.<anonymous> (/usr/local/lib/node_modules/npm/lib/utils/spawn.js:24:14)
14 verbose stack     at emitTwo (events.js:106:13)
14 verbose stack     at ChildProcess.emit (events.js:191:7)
14 verbose stack     at maybeClose (internal/child_process.js:850:16)
14 verbose stack     at Process.ChildProcess._handle.onexit (internal/child_process.js:215:5)
15 verbose pkgid react-starterify@2.4.1
16 verbose cwd /Users/graphic/super-custom-dice-wars
17 error Darwin 15.4.0
18 error argv "/usr/local/bin/node" "/usr/local/bin/npm" "run" "watch"
19 error node v6.1.0
20 error npm  v3.8.6
21 error code ELIFECYCLE
22 error react-starterify@2.4.1 watch: `gulp watch`
22 error Exit status 1
23 error Failed at the react-starterify@2.4.1 watch script 'gulp watch'.
23 error Make sure you have the latest version of node.js and npm installed.
23 error If you do, this is most likely a problem with the react-starterify package,
23 error not with npm itself.
23 error Tell the author that this fails on your system:
23 error     gulp watch
23 error You can get information on how to open an issue for this project with:
23 error     npm bugs react-starterify
23 error Or if that isn't available, you can get their info via:
23 error     npm owner ls react-starterify
23 error There is likely additional logging output above.
24 verbose exit [ 1, true ]
